2023-04-03 02:50:44.096315 - Initialized conversion of CBT810
2023-04-03 02:50:45.100840 - Received CBT.V504.FILE810.PDS from FILE810.XMI 
2023-04-03 02:50:45.103281 - Found $$$#DATE.txt (text/plain) in CBT.V504.FILE810.PDS, moved to PDS/$$$#DATE
2023-04-03 02:50:45.104237 - Found $INSTALL.txt (text/plain) in CBT.V504.FILE810.PDS, moved to PDS/$INSTALL
2023-04-03 02:50:45.105274 - Found $INTRO.txt (text/plain) in CBT.V504.FILE810.PDS, moved to PDS/$INTRO
2023-04-03 02:50:45.106924 - Found $SESSION.txt (text/plain) in CBT.V504.FILE810.PDS, moved to PDS/$SESSION
2023-04-03 02:50:45.108053 - Found $STARTUP.txt (text/plain) in CBT.V504.FILE810.PDS, moved to PDS/$STARTUP
2023-04-03 02:50:45.109443 - Found $TSORECV.jcl (text/plain) in CBT.V504.FILE810.PDS, moved to PDS/$TSORECV
2023-04-03 02:50:45.110619 - Found @FILE810.txt (text/plain) in CBT.V504.FILE810.PDS, moved to PDS/@FILE810
2023-04-03 02:50:45.839022 - Found DISASM.xmi (application/xmit) in CBT.V504.FILE810.PDS
2023-04-03 02:50:45.910899   - Received to CBT810/DISASM.CBT
2023-04-03 02:50:46.059577 - Found DOC.xmi (application/xmit) in CBT.V504.FILE810.PDS
2023-04-03 02:50:46.086464   - Received to CBT810/DOC.CBT
2023-04-03 02:50:46.209907 - Found FORMATS.xmi (application/xmit) in CBT.V504.FILE810.PDS
2023-04-03 02:50:46.245224   - Received to CBT810/FORMATS.CBT
2023-04-03 02:50:46.713164 - Found ISPPLIB.xmi (application/xmit) in CBT.V504.FILE810.PDS
2023-04-03 02:50:46.816253   - Received to CBT810/ISPPLIB.CBT
2023-04-03 02:50:46.883260 - Found JCL.xmi (application/xmit) in CBT.V504.FILE810.PDS
2023-04-03 02:50:46.896907   - Received to CBT810/JCL.CBT
2023-04-03 02:50:47.317475 - Found MACS.xmi (application/xmit) in CBT.V504.FILE810.PDS
2023-04-03 02:50:47.400649   - Received to CBT810/MACLIB.CBT
2023-04-03 02:50:47.407550 - Found OPTS.xmi (application/xmit) in CBT.V504.FILE810.PDS
2023-04-03 02:50:47.411892   - Received to CBT810/OPTS.CBT
2023-04-03 02:50:47.974123 - Found SMF.xmi (application/xmit) in CBT.V504.FILE810.PDS
2023-04-03 02:50:48.047130   - Received to CBT810/FILE810.SMF
2023-04-03 02:50:48.143088 - Found SMGR.xmi (application/xmit) in CBT.V504.FILE810.PDS
2023-04-03 02:50:48.162560   - Received to CBT810/SMGR.CBT
2023-04-03 02:50:49.075846 - Found SOURCE.xmi (application/xmit) in CBT.V504.FILE810.PDS
2023-04-03 02:50:49.176563   - Received to CBT810/SOURCE.CBT
2023-04-03 02:50:49.695975 - Found STORAGE.xmi (application/xmit) in CBT.V504.FILE810.PDS
2023-04-03 02:50:49.770182   - Received to CBT810/STORAGE.CBT
2023-04-03 02:50:49.929687 - Found USERFMT.xmi (application/xmit) in CBT.V504.FILE810.PDS
2023-04-03 02:50:49.950267   - Received to CBT810/USERFMT.CBT
